app/build/outputs/logs/manifest-merger-debug-report.txt
-- Merging decision tree log ---
manifest
ADDED from src\main\AndroidManifest.xml:2:1-181:12
	package
		ADDED from src\main\AndroidManifest.xml:4:5-34
		INJECTED from src\main\AndroidManifest.xml
		INJECTED from src\main\AndroidManifest.xml
	android:versionName
		ADDED from src\main\AndroidManifest.xml:6:5-30
		INJECTED from src\main\AndroidManifest.xml
		INJECTED from src\main\AndroidManifest.xml
	xmlns:tools
		ADDED from src\main\AndroidManifest.xml:3:5-51
	android:versionCode
		ADDED from src\main\AndroidManifest.xml:5:5-28
		INJECTED from src\main\AndroidManifest.xml
		INJECTED from src\main\AndroidManifest.xml
	xmlns:android
		ADDED from src\main\AndroidManifest.xml:2:11-69
permission#com.ssiwo.miglasses.permission.JPUSH_MESSAGE
ADDED from src\main\AndroidManifest.xml:8:5-10:47
	android:protectionLevel
		ADDED from src\main\AndroidManifest.xml:10:9-44
	android:name
		ADDED from src\main\AndroidManifest.xml:9:9-68
uses-feature#android.hardware.camera.autofocus
ADDED from src\main\AndroidManifest.xml:11:5-95
	android:required
		ADDED from src\main\AndroidManifest.xml:11:68-92
	android:name
		ADDED from src\main\AndroidManifest.xml:11:19-67
uses-feature#android.hardware.camera.front
ADDED from src\main\AndroidManifest.xml:12:5-91
	android:required
		ADDED from src\main\AndroidManifest.xml:12:64-88
	android:name
		ADDED from src\main\AndroidManifest.xml:12:19-63
uses-feature#android.hardware.touchscreen
ADDED from src\main\AndroidManifest.xml:13:5-90
	android:required
		ADDED from src\main\AndroidManifest.xml:13:63-87
	android:name
		ADDED from src\main\AndroidManifest.xml:13:19-62
uses-feature#android.hardware.touchscreen.multitouch
ADDED from src\main\AndroidManifest.xml:14:5-101
	android:required
		ADDED from src\main\AndroidManifest.xml:14:74-98
	android:name
		ADDED from src\main\AndroidManifest.xml:14:19-73
uses-feature#android.hardware.touchscreen.multitouch.distinct
ADDED from src\main\AndroidManifest.xml:15:5-110
	android:required
		ADDED from src\main\AndroidManifest.xml:15:83-107
	android:name
		ADDED from src\main\AndroidManifest.xml:15:19-82
uses-permission#android.permission.WRITE_EXTERNAL_STORAGE
ADDED from src\main\AndroidManifest.xml:17:5-80
	android:name
		ADDED from src\main\AndroidManifest.xml:17:22-78
uses-permission#android.permission.READ_EXTERNAL_STORAGE
ADDED from src\main\AndroidManifest.xml:18:5-79
	android:name
		ADDED from src\main\AndroidManifest.xml:18:22-77
uses-permission#android.permission.ACCESS_NETWORK_STATE
ADDED from src\main\AndroidManifest.xml:20:5-78
	android:name
		ADDED from src\main\AndroidManifest.xml:20:22-76
uses-permission#android.permission.INTERNET
ADDED from src\main\AndroidManifest.xml:21:5-66
	android:name
		ADDED from src\main\AndroidManifest.xml:21:22-64
uses-permission#android.permission.READ_PHONE_STATE
ADDED from src\main\AndroidManifest.xml:23:5-74
	android:name
		ADDED from src\main\AndroidManifest.xml:23:22-72
uses-permission#android.permission.ACCESS_WIFI_STATE
ADDED from src\main\AndroidManifest.xml:25:5-92
	android:name
		ADDED from src\main\AndroidManifest.xml:25:22-73
uses-permission#android.permission.CHANGE_WIFI_STATE
ADDED from src\main\AndroidManifest.xml:26:5-92
	android:name
		ADDED from src\main\AndroidManifest.xml:26:22-73
uses-permission#com.ssiwo.miglasses.permission.JPUSH_MESSAGE
ADDED from src\main\AndroidManifest.xml:28:5-84
	android:name
		ADDED from src\main\AndroidManifest.xml:28:22-81
uses-permission#android.permission.RECEIVE_USER_PRESENT
ADDED from src\main\AndroidManifest.xml:29:5-79
	android:name
		ADDED from src\main\AndroidManifest.xml:29:22-76
uses-permission#android.permission.WAKE_LOCK
ADDED from src\main\AndroidManifest.xml:31:5-68
	android:name
		ADDED from src\main\AndroidManifest.xml:31:22-65
uses-permission#android.permission.VIBRATE
ADDED from src\main\AndroidManifest.xml:35:5-66
	android:name
		ADDED from src\main\AndroidManifest.xml:35:22-63
uses-permission#android.permission.MOUNT_UNMOUNT_FILESYSTEMS
ADDED from src\main\AndroidManifest.xml:36:5-84
	android:name
		ADDED from src\main\AndroidManifest.xml:36:22-81
uses-permission#android.permission.SYSTEM_ALERT_WINDOW
ADDED from src\main\AndroidManifest.xml:38:5-78
	android:name
		ADDED from src\main\AndroidManifest.xml:38:22-75
uses-permission#android.permission.WRITE_SETTINGS
ADDED from src\main\AndroidManifest.xml:39:5-73
	android:name
		ADDED from src\main\AndroidManifest.xml:39:22-70
uses-permission#android.permission.ACCESS_COARSE_LOCATION
ADDED from src\main\AndroidManifest.xml:42:5-81
	android:name
		ADDED from src\main\AndroidManifest.xml:42:22-78
uses-permission#android.permission.ACCESS_FINE_LOCATION
ADDED from src\main\AndroidManifest.xml:45:5-79
	android:name
		ADDED from src\main\AndroidManifest.xml:45:22-76
uses-permission#android.permission.ACCESS_LOCATION_EXTRA_COMMANDS
ADDED from src\main\AndroidManifest.xml:46:5-89
	android:name
		ADDED from src\main\AndroidManifest.xml:46:22-86
uses-permission#android.permission.CHANGE_NETWORK_STATE
ADDED from src\main\AndroidManifest.xml:47:5-79
	android:name
		ADDED from src\main\AndroidManifest.xml:47:22-76
uses-feature#android.software.leanback
ADDED from src\main\AndroidManifest.xml:49:5-51:36
	android:required
		ADDED from src\main\AndroidManifest.xml:51:9-33
	android:name
		ADDED from src\main\AndroidManifest.xml:50:9-49
uses-permission#android.permission.CAMERA
ADDED from src\main\AndroidManifest.xml:52:5-65
	android:name
		ADDED from src\main\AndroidManifest.xml:52:22-62
uses-feature#android.hardware.camera
ADDED from src\main\AndroidManifest.xml:53:5-54:36
	android:required
		ADDED from src\main\AndroidManifest.xml:54:9-33
	android:name
		ADDED from src\main\AndroidManifest.xml:53:19-57
uses-feature#0x00020000
ADDED from src\main\AndroidManifest.xml:56:5-57:20
	android:glEsVersion
		ADDED from src\main\AndroidManifest.xml:56:19-51
	android:required
		ADDED from src\main\AndroidManifest.xml:56:52-75
uses-sdk
ADDED from src\main\AndroidManifest.xml:58:5-74
MERGED from [com.android.support:design:24.2.0] AndroidManifest.xml:20:5-43
MERGED from [com.android.support:appcompat-v7:24.2.0] AndroidManifest.xml:21:5-23:78
MERGED from [com.android.support:support-vector-drawable:24.2.0] AndroidManifest.xml:21:5-43
MERGED from [com.android.support:support-compat:24.2.0] AndroidManifest.xml:21:5-23:58
MERGED from [com.android.support:animated-vector-drawable:24.2.0] AndroidManifest.xml:20:5-44
MERGED from [com.android.support:support-v4:24.2.0] AndroidManifest.xml:21:5-23:54
MERGED from [com.android.support:support-core-utils:24.2.0] AndroidManifest.xml:21:5-23:61
MERGED from [com.android.support:support-media-compat:24.2.0] AndroidManifest.xml:21:5-23:63
MERGED from [com.android.support:support-core-ui:24.2.0] AndroidManifest.xml:21:5-23:58
MERGED from [com.android.support:support-fragment:24.2.0] AndroidManifest.xml:21:5-23:60
MERGED from [com.android.support:recyclerview-v7:24.2.0] AndroidManifest.xml:20:5-43
MERGED from [com.android.support:cardview-v7:22.2.1] AndroidManifest.xml:20:5-43
MERGED from [de.hdodenhof:circleimageview:2.1.0] AndroidManifest.xml:5:5-7:41
MERGED from [com.getbase:floatingactionbutton:1.10.1] AndroidManifest.xml:8:5-10:41
MERGED from [com.meikoz.basic:core:1.0.5] AndroidManifest.xml:7:5-9:41
MERGED from [io.reactivex:rxandroid:1.2.0] AndroidManifest.xml:19:5-43
MERGED from [com.jcodecraeer:xrecyclerview:1.2.7] AndroidManifest.xml:7:5-9:41
	tools:overrideLibrary
		ADDED from [com.android.support:appcompat-v7:24.2.0] AndroidManifest.xml:23:9-75
	android:targetSdkVersion
		ADDED from src\main\AndroidManifest.xml:58:42-71
		INJECTED from src\main\AndroidManifest.xml
		INJECTED from src\main\AndroidManifest.xml
	android:minSdkVersion
		ADDED from src\main\AndroidManifest.xml:58:15-41
		INJECTED from src\main\AndroidManifest.xml
		INJECTED from src\main\AndroidManifest.xml
application
ADDED from src\main\AndroidManifest.xml:61:5-177:19
MERGED from [com.android.support:design:24.2.0] AndroidManifest.xml:22:5-20
MERGED from [com.android.support:appcompat-v7:24.2.0] AndroidManifest.xml:25:5-20
MERGED from [com.android.support:support-vector-drawable:24.2.0] AndroidManifest.xml:23:5-20
MERGED from [com.android.support:support-compat:24.2.0] AndroidManifest.xml:25:5-20
MERGED from [com.android.support:animated-vector-drawable:24.2.0] AndroidManifest.xml:22:5-20
MERGED from [com.android.support:support-v4:24.2.0] AndroidManifest.xml:25:5-20
MERGED from [com.android.support:support-core-utils:24.2.0] AndroidManifest.xml:25:5-20
MERGED from [com.android.support:support-media-compat:24.2.0] AndroidManifest.xml:25:5-20
MERGED from [com.android.support:support-core-ui:24.2.0] AndroidManifest.xml:25:5-20
MERGED from [com.android.support:support-fragment:24.2.0] AndroidManifest.xml:25:5-20
MERGED from [com.android.support:cardview-v7:22.2.1] AndroidManifest.xml:22:5-20
MERGED from [de.hdodenhof:circleimageview:2.1.0] AndroidManifest.xml:9:5-20
MERGED from [com.getbase:floatingactionbutton:1.10.1] AndroidManifest.xml:12:5-20
MERGED from [com.meikoz.basic:core:1.0.5] AndroidManifest.xml:11:5-15:19
MERGED from [com.jcodecraeer:xrecyclerview:1.2.7] AndroidManifest.xml:11:5-20
	android:label
		ADDED from src\main\AndroidManifest.xml:63:9-41
	android:supportsRtl
		ADDED from [com.meikoz.basic:core:1.0.5] AndroidManifest.xml:14:9-35
	android:icon
		ADDED from src\main\AndroidManifest.xml:62:9-38
	android:allowBackup
		ADDED from [com.meikoz.basic:core:1.0.5] AndroidManifest.xml:12:9-35
	android:theme
		ADDED from src\main\AndroidManifest.xml:65:9-73
	android:name
		ADDED from src\main\AndroidManifest.xml:64:9-66
activity#com.ssiwo.miglasses.ssiwo.miglasses.activity.VideoView
ADDED from src\main\AndroidManifest.xml:66:9-76:20
	android:screenOrientation
		ADDED from src\main\AndroidManifest.xml:68:13-49
	android:label
		ADDED from src\main\AndroidManifest.xml:69:13-45
	android:configChanges
		ADDED from src\main\AndroidManifest.xml:70:13-170
	android:name
		ADDED from src\main\AndroidManifest.xml:67:13-63
intent-filter#android.intent.action.MAIN+android.intent.category.LAUNCHER+android.intent.category.LEANBACK_LAUNCHER
ADDED from src\main\AndroidManifest.xml:71:13-75:29
action#android.intent.action.MAIN
ADDED from src\main\AndroidManifest.xml:72:17-69
	android:name
		ADDED from src\main\AndroidManifest.xml:72:25-66
category#android.intent.category.LAUNCHER
ADDED from src\main\AndroidManifest.xml:73:17-77
	android:name
		ADDED from src\main\AndroidManifest.xml:73:27-74
category#android.intent.category.LEANBACK_LAUNCHER
ADDED from src\main\AndroidManifest.xml:74:17-86
	android:name
		ADDED from src\main\AndroidManifest.xml:74:27-83
activity#com.xzimg.rigidfacetracking.RigidFaceTrackingPlugin
ADDED from src\main\AndroidManifest.xml:77:9-87
	android:name
		ADDED from src\main\AndroidManifest.xml:77:19-85
activity#com.ssiwo.miglasses.ssiwo.miglasses.activity.WebViewActivity
ADDED from src\main\AndroidManifest.xml:78:9-80:20
	android:name
		ADDED from src\main\AndroidManifest.xml:78:19-75
activity#com.ssiwo.miglasses.ssiwo.miglasses.activity.FunActivity
ADDED from src\main\AndroidManifest.xml:81:9-86:20
	android:screenOrientation
		ADDED from src\main\AndroidManifest.xml:83:13-49
	android:theme
		ADDED from src\main\AndroidManifest.xml:82:13-43
	android:name
		ADDED from src\main\AndroidManifest.xml:81:19-71
activity#com.ssiwo.miglasses.ssiwo.miglasses.activity.NewSplashActivity
ADDED from src\main\AndroidManifest.xml:87:9-91:20
	android:screenOrientation
		ADDED from src\main\AndroidManifest.xml:88:13-49
	android:name
		ADDED from src\main\AndroidManifest.xml:87:19-77
activity#com.ssiwo.miglasses.ssiwo.miglasses.activity.ShiLiActivity
ADDED from src\main\AndroidManifest.xml:92:9-96:20
	android:theme
		ADDED from src\main\AndroidManifest.xml:93:13-43
	android:name
		ADDED from src\main\AndroidManifest.xml:92:19-73
service#com.ssiwo.miglasses.ssiwo.miglasses.service.UpdateService
ADDED from src\main\AndroidManifest.xml:97:9-74
	android:name
		ADDED from src\main\AndroidManifest.xml:97:18-71
activity#cn.jpush.android.ui.PushActivity
ADDED from src\main\AndroidManifest.xml:99:9-109:20
	android:configChanges
		ADDED from src\main\AndroidManifest.xml:101:13-63
	android:theme
		ADDED from src\main\AndroidManifest.xml:102:13-72
	android:name
		ADDED from src\main\AndroidManifest.xml:100:13-60
intent-filter#android.intent.category.DEFAULT+cn.jpush.android.ui.PushActivity+com.ssiwo.miglasses
ADDED from src\main\AndroidManifest.xml:103:13-108:29
action#cn.jpush.android.ui.PushActivity
ADDED from src\main\AndroidManifest.xml:104:17-75
	android:name
		ADDED from src\main\AndroidManifest.xml:104:25-72
category#android.intent.category.DEFAULT
ADDED from src\main\AndroidManifest.xml:106:17-76
	android:name
		ADDED from src\main\AndroidManifest.xml:106:27-73
category#com.ssiwo.miglasses
ADDED from src\main\AndroidManifest.xml:107:17-64
	android:name
		ADDED from src\main\AndroidManifest.xml:107:27-61
service#cn.jpush.android.service.DownloadService
ADDED from src\main\AndroidManifest.xml:112:9-116:19
	android:enabled
		ADDED from src\main\AndroidManifest.xml:114:13-35
	android:exported
		ADDED from src\main\AndroidManifest.xml:115:13-37
	android:name
		ADDED from src\main\AndroidManifest.xml:113:13-68
service#cn.jpush.android.service.PushService
ADDED from src\main\AndroidManifest.xml:119:9-129:19
	android:enabled
		ADDED from src\main\AndroidManifest.xml:121:13-35
	android:exported
		ADDED from src\main\AndroidManifest.xml:122:13-37
	android:name
		ADDED from src\main\AndroidManifest.xml:120:13-64
intent-filter#cn.jpush.android.intent.PUSH_TIME+cn.jpush.android.intent.PushService+cn.jpush.android.intent.REGISTER+cn.jpush.android.intent.REPORT
ADDED from src\main\AndroidManifest.xml:123:13-128:29
action#cn.jpush.android.intent.REGISTER
ADDED from src\main\AndroidManifest.xml:124:17-75
	android:name
		ADDED from src\main\AndroidManifest.xml:124:25-72
action#cn.jpush.android.intent.REPORT
ADDED from src\main\AndroidManifest.xml:125:17-73
	android:name
		ADDED from src\main\AndroidManifest.xml:125:25-70
action#cn.jpush.android.intent.PushService
ADDED from src\main\AndroidManifest.xml:126:17-78
	android:name
		ADDED from src\main\AndroidManifest.xml:126:25-75
action#cn.jpush.android.intent.PUSH_TIME
ADDED from src\main\AndroidManifest.xml:127:17-76
	android:name
		ADDED from src\main\AndroidManifest.xml:127:25-73
receiver#cn.jpush.android.service.PushReceiver
ADDED from src\main\AndroidManifest.xml:132:9-150:20
	android:enabled
		ADDED from src\main\AndroidManifest.xml:134:13-35
	android:name
		ADDED from src\main\AndroidManifest.xml:133:13-65
intent-filter#cn.jpush.android.intent.NOTIFICATION_RECEIVED_PROXY+com.ssiwo.miglasses
ADDED from src\main\AndroidManifest.xml:135:13-138:29
	android:priority
		ADDED from src\main\AndroidManifest.xml:135:28-51
action#cn.jpush.android.intent.NOTIFICATION_RECEIVED_PROXY
ADDED from src\main\AndroidManifest.xml:136:17-94
	android:name
		ADDED from src\main\AndroidManifest.xml:136:25-91
intent-filter#android.intent.action.USER_PRESENT+android.net.conn.CONNECTIVITY_CHANGE
ADDED from src\main\AndroidManifest.xml:139:13-142:29
action#android.intent.action.USER_PRESENT
ADDED from src\main\AndroidManifest.xml:140:17-77
	android:name
		ADDED from src\main\AndroidManifest.xml:140:25-74
action#android.net.conn.CONNECTIVITY_CHANGE
ADDED from src\main\AndroidManifest.xml:141:17-79
	android:name
		ADDED from src\main\AndroidManifest.xml:141:25-76
intent-filter#android.intent.action.PACKAGE_ADDED+android.intent.action.PACKAGE_REMOVED
ADDED from src\main\AndroidManifest.xml:144:13-149:29
action#android.intent.action.PACKAGE_ADDED
ADDED from src\main\AndroidManifest.xml:145:17-78
	android:name
		ADDED from src\main\AndroidManifest.xml:145:25-75
action#android.intent.action.PACKAGE_REMOVED
ADDED from src\main\AndroidManifest.xml:146:17-80
	android:name
		ADDED from src\main\AndroidManifest.xml:146:25-77
data
ADDED from src\main\AndroidManifest.xml:148:17-50
	android:scheme
		ADDED from src\main\AndroidManifest.xml:148:23-47
receiver#cn.jpush.android.service.AlarmReceiver
ADDED from src\main\AndroidManifest.xml:153:9-75
	android:name
		ADDED from src\main\AndroidManifest.xml:153:19-72
receiver#com.ssiwo.miglasses.ssiwo.miglasses.bordcast.PushReceiver
ADDED from src\main\AndroidManifest.xml:156:9-168:20
	android:enabled
		ADDED from src\main\AndroidManifest.xml:158:13-35
	android:name
		ADDED from src\main\AndroidManifest.xml:157:13-66
intent-filter#cn.jpush.android.intent.CONNECTION+cn.jpush.android.intent.MESSAGE_RECEIVED+cn.jpush.android.intent.NOTIFICATION_OPENED+cn.jpush.android.intent.NOTIFICATION_RECEIVED+cn.jpush.android.intent.REGISTRATION+cn.jpush.android.intent.UNREGISTRATION+com.ssiwo.miglasses
ADDED from src\main\AndroidManifest.xml:159:13-167:29
action#cn.jpush.android.intent.REGISTRATION
ADDED from src\main\AndroidManifest.xml:160:17-79
	android:name
		ADDED from src\main\AndroidManifest.xml:160:25-76
action#cn.jpush.android.intent.UNREGISTRATION
ADDED from src\main\AndroidManifest.xml:161:17-81
	android:name
		ADDED from src\main\AndroidManifest.xml:161:25-78
action#cn.jpush.android.intent.MESSAGE_RECEIVED
ADDED from src\main\AndroidManifest.xml:162:17-83
	android:name
		ADDED from src\main\AndroidManifest.xml:162:25-80
action#cn.jpush.android.intent.NOTIFICATION_RECEIVED
ADDED from src\main\AndroidManifest.xml:163:17-88
	android:name
		ADDED from src\main\AndroidManifest.xml:163:25-85
action#cn.jpush.android.intent.NOTIFICATION_OPENED
ADDED from src\main\AndroidManifest.xml:164:17-86
	android:name
		ADDED from src\main\AndroidManifest.xml:164:25-83
action#cn.jpush.android.intent.CONNECTION
ADDED from src\main\AndroidManifest.xml:165:17-77
	android:name
		ADDED from src\main\AndroidManifest.xml:165:25-74
meta-data#JPUSH_CHANNEL
ADDED from src\main\AndroidManifest.xml:171:9-173:49
	android:value
		ADDED from src\main\AndroidManifest.xml:173:13-46
	android:name
		ADDED from src\main\AndroidManifest.xml:172:13-41
meta-data#JPUSH_APPKEY
ADDED from src\main\AndroidManifest.xml:174:9-176:56
	android:value
		ADDED from src\main\AndroidManifest.xml:176:13-53
	android:name
		ADDED from src\main\AndroidManifest.xml:175:13-40